[ 2015-01-15T10:18:48+08:00 ] 61.93.167.48 /prosperity/www/index.php
INFO: [ app_init ] --START--
INFO: Run Behavior\BuildLiteBehavior [ RunTime:0.000190s ]
INFO: [ app_init ] --END-- [ RunTime:0.001006s ]
INFO: [ app_begin ] --START--
INFO: Run Behavior\ReadHtmlCacheBehavior [ RunTime:0.001651s ]
INFO: Run Behavior\CheckLangBehavior [ RunTime:0.000901s ]
INFO: [ app_begin ] --END-- [ RunTime:0.003099s ]
INFO: [ view_parse ] --START--
INFO: [ template_filter ] --START--
INFO: Run Behavior\ContentReplaceBehavior [ RunTime:0.000132s ]
INFO: [ template_filter ] --END-- [ RunTime:0.000266s ]
SQL: SHOW COLUMNS FROM `yy_model` [ RunTime:0.001304s ]
SQL: SELECT * FROM `yy_model` left join yy_category on yy_model.model_id=yy_category.model_id left join yy_category_description on yy_category_description.categories_id=yy_category.categories_id  WHERE ( yy_category_description.language_id=2 ) ORDER BY sort_order asc,yy_category.sort_order  [ RunTime:0.000834s ]
INFO: [ view_parse ] --START--
INFO: [ template_filter ] --START--
INFO: Run Behavior\ContentReplaceBehavior [ RunTime:0.000065s ]
INFO: [ template_filter ] --END-- [ RunTime:-0.024197s ]
INFO: Run Behavior\ParseTemplateBehavior [ RunTime:0.005738s ]
INFO: [ view_parse ] --END-- [ RunTime:0.005857s ]
INFO: [ view_filter ] --START--
INFO: Run Behavior\WriteHtmlCacheBehavior [ RunTime:0.000210s ]
INFO: [ view_filter ] --END-- [ RunTime:0.000280s ]
SQL: SHOW COLUMNS FROM `yy_products` [ RunTime:0.001951s ]
SQL: SELECT * FROM `yy_products` left join yy_products_manylanguage on yy_products.products_id=yy_products_manylanguage.products_id  WHERE ( yy_products_manylanguage.lang_id=2 and yy_products.categories_id=52 and yy_products.products_status=1 ) ORDER BY yy_products.products_adddate desc LIMIT 4   [ RunTime:0.003866s ]
INFO: [ view_parse ] --START--
INFO: [ template_filter ] --START--
INFO: Run Behavior\ContentReplaceBehavior [ RunTime:0.000057s ]
INFO: [ template_filter ] --END-- [ RunTime:-0.036830s ]
INFO: Run Behavior\ParseTemplateBehavior [ RunTime:0.004447s ]
INFO: [ view_parse ] --END-- [ RunTime:-0.007824s ]
INFO: [ view_filter ] --START--
INFO: Run Behavior\WriteHtmlCacheBehavior [ RunTime:0.000019s ]
INFO: [ view_filter ] --END-- [ RunTime:-0.012095s ]
SQL: SELECT * FROM `yy_model` left join yy_category on yy_model.model_id=yy_category.model_id left join yy_category_description on yy_category_description.categories_id=yy_category.categories_id  WHERE ( yy_category_description.language_id=2 ) ORDER BY yy_category.sort_order  [ RunTime:0.000568s ]
INFO: [ view_parse ] --START--
INFO: [ template_filter ] --START--
INFO: Run Behavior\ContentReplaceBehavior [ RunTime:0.000061s ]
INFO: [ template_filter ] --END-- [ RunTime:-0.044110s ]
INFO: Run Behavior\ParseTemplateBehavior [ RunTime:0.005158s ]
INFO: [ view_parse ] --END-- [ RunTime:-0.014142s ]
INFO: [ view_filter ] --START--
INFO: Run Behavior\WriteHtmlCacheBehavior [ RunTime:0.000018s ]
INFO: [ view_filter ] --END-- [ RunTime:-0.019119s ]
SQL: SHOW COLUMNS FROM `yy_news` [ RunTime:0.001279s ]
SQL: SELECT * FROM `yy_news` left join yy_news_manylanguage on yy_news.news_id=yy_news_manylanguage.news_id  WHERE ( yy_news_manylanguage.lang_id=2 and yy_news.news_status=1 ) ORDER BY yy_news.news_adddate desc LIMIT 3   [ RunTime:0.000988s ]
INFO: [ view_parse ] --START--
INFO: [ template_filter ] --START--
INFO: Run Behavior\ContentReplaceBehavior [ RunTime:0.000057s ]
INFO: [ template_filter ] --END-- [ RunTime:-0.055242s ]
INFO: Run Behavior\ParseTemplateBehavior [ RunTime:0.007557s ]
INFO: [ view_parse ] --END-- [ RunTime:-0.023099s ]
INFO: [ view_filter ] --START--
INFO: Run Behavior\WriteHtmlCacheBehavior [ RunTime:0.000017s ]
INFO: [ view_filter ] --END-- [ RunTime:-0.030457s ]
INFO: Run Behavior\ParseTemplateBehavior [ RunTime:0.007788s ]
INFO: [ view_parse ] --END-- [ RunTime:-0.023099s ]
INFO: [ view_filter ] --START--
INFO: Run Behavior\WriteHtmlCacheBehavior [ RunTime:0.000014s ]
INFO: [ view_filter ] --END-- [ RunTime:-0.030666s ]
INFO: [ app_end ] --START--
INFO: Run Behavior\ShowPageTraceBehavior [ RunTime:0.000864s ]
INFO: [ app_end ] --END-- [ RunTime:0.000951s ]

[ 2015-01-15T10:18:52+08:00 ] 61.93.167.48 /prosperity/www/index.php/Home/Index/cateJump/model_id/2/cateid/27.html
INFO: [ app_init ] --START--
INFO: Run Behavior\BuildLiteBehavior [ RunTime:0.000030s ]
INFO: [ app_init ] --END-- [ RunTime:0.000865s ]
INFO: [ app_begin ] --START--
INFO: Run Behavior\ReadHtmlCacheBehavior [ RunTime:0.001002s ]
INFO: Run Behavior\CheckLangBehavior [ RunTime:0.000914s ]
INFO: [ app_begin ] --END-- [ RunTime:0.002115s ]
SQL: SHOW COLUMNS FROM `yy_model` [ RunTime:0.000811s ]
SQL: SELECT * FROM `yy_model` WHERE `model_id` = 2 LIMIT 1   [ RunTime:0.000420s ]
SQL: SHOW COLUMNS FROM `yy_category` [ RunTime:0.001194s ]
SQL: SELECT * FROM yy_category c,yy_category_description cd WHERE ( c.categories_id=cd.categories_id and cd.language_id=2 and c.categories_id=51 )  [ RunTime:0.000320s ]
SQL: SHOW COLUMNS FROM `yy_products` [ RunTime:0.000835s ]
SQL: SELECT COUNT(*) AS tp_count FROM yy_products p,yy_products_manylanguage pm WHERE ( p.products_id=pm.products_id and pm.lang_id=2 and p.categories_id=51 and p.products_status=1 ) ORDER BY p.products_adddate desc LIMIT 1   [ RunTime:0.000541s ]
SQL: SHOW COLUMNS FROM `yy_products` [ RunTime:0.001135s ]
SQL: SELECT * FROM yy_products p,yy_products_manylanguage pm WHERE ( p.products_id=pm.products_id and pm.lang_id=2 and p.categories_id=51 and p.products_status=1 ) ORDER BY p.products_sort desc LIMIT 0,9   [ RunTime:0.001508s ]
SQL: SHOW COLUMNS FROM `yy_category` [ RunTime:0.001135s ]
SQL: SELECT * FROM yy_category c,yy_category_description cd WHERE ( c.categories_id=cd.categories_id and cd.language_id=2 and c.categories_id=51 )  [ RunTime:0.003200s ]
INFO: [ view_parse ] --START--
INFO: [ template_filter ] --START--
INFO: Run Behavior\ContentReplaceBehavior [ RunTime:0.000121s ]
INFO: [ template_filter ] --END-- [ RunTime:0.000637s ]
SQL: SELECT * FROM `yy_model` left join yy_category on yy_model.model_id=yy_category.model_id left join yy_category_description on yy_category_description.categories_id=yy_category.categories_id  WHERE ( yy_category_description.language_id=2 ) ORDER BY sort_order asc,yy_category.sort_order  [ RunTime:0.000564s ]
INFO: [ view_parse ] --START--
INFO: [ template_filter ] --START--
INFO: Run Behavior\ContentReplaceBehavior [ RunTime:0.000077s ]
INFO: [ template_filter ] --END-- [ RunTime:-0.012001s ]
INFO: Run Behavior\ParseTemplateBehavior [ RunTime:0.006040s ]
INFO: [ view_parse ] --END-- [ RunTime:0.006155s ]
INFO: [ view_filter ] --START--
INFO: Run Behavior\WriteHtmlCacheBehavior [ RunTime:0.000242s ]
INFO: [ view_filter ] --END-- [ RunTime:0.000322s ]
SQL: SELECT * FROM `yy_model` left join yy_category on yy_model.model_id=yy_category.model_id left join yy_category_description on yy_category_description.categories_id=yy_category.categories_id  WHERE ( yy_category_description.language_id=2 and yy_category.categories_status=1 ) ORDER BY yy_category.sort_order  [ RunTime:0.001676s ]
INFO: [ view_parse ] --START--
INFO: [ template_filter ] --START--
INFO: Run Behavior\ContentReplaceBehavior [ RunTime:0.000058s ]
INFO: [ template_filter ] --END-- [ RunTime:-0.020873s ]
NOTIC: [8] Undefined variable: cateids /home/project2/www/prosperity/www/App/Runtime/Cache/Home/3e779262f227f7cdb03a99e3a58ddd7a.php 第 3 行.
NOTIC: [8] Undefined variable: cateids /home/project2/www/prosperity/www/App/Runtime/Cache/Home/3e779262f227f7cdb03a99e3a58ddd7a.php 第 5 行.
INFO: Run Behavior\ParseTemplateBehavior [ RunTime:0.005750s ]
INFO: [ view_parse ] --END-- [ RunTime:-0.002938s ]
INFO: [ view_filter ] --START--
INFO: Run Behavior\WriteHtmlCacheBehavior [ RunTime:0.000017s ]
INFO: [ view_filter ] --END-- [ RunTime:-0.008437s ]
INFO: Run Behavior\ParseTemplateBehavior [ RunTime:0.007048s ]
INFO: [ view_parse ] --END-- [ RunTime:-0.002938s ]
INFO: [ view_filter ] --START--
INFO: Run Behavior\WriteHtmlCacheBehavior [ RunTime:0.000017s ]
INFO: [ view_filter ] --END-- [ RunTime:-0.009727s ]
INFO: [ app_end ] --START--
INFO: Run Behavior\ShowPageTraceBehavior [ RunTime:0.000928s ]
INFO: [ app_end ] --END-- [ RunTime:0.001018s ]

[ 2015-01-15T10:18:53+08:00 ] 61.93.167.48 /prosperity/www/index.php/Home/Index/cateJump/model_id/2/cateid/js/jquery-2.0.2.js
INFO: [ app_init ] --START--
INFO: Run Behavior\BuildLiteBehavior [ RunTime:0.000027s ]
INFO: [ app_init ] --END-- [ RunTime:0.000473s ]
INFO: [ app_begin ] --START--
INFO: Run Behavior\ReadHtmlCacheBehavior [ RunTime:0.001166s ]
INFO: Run Behavior\CheckLangBehavior [ RunTime:0.002928s ]
INFO: [ app_begin ] --END-- [ RunTime:0.004282s ]
SQL: SHOW COLUMNS FROM `yy_model` [ RunTime:0.000724s ]
SQL: SELECT * FROM `yy_model` WHERE `model_id` = 2 LIMIT 1   [ RunTime:0.000231s ]
SQL: SHOW COLUMNS FROM `yy_category` [ RunTime:0.000680s ]
SQL: SELECT * FROM yy_category c,yy_category_description cd WHERE ( c.categories_id=cd.categories_id and cd.language_id=2 and c.categories_id=0 )  [ RunTime:0.000551s ]
SQL: SHOW COLUMNS FROM `yy_products` [ RunTime:0.003226s ]
SQL: SELECT COUNT(*) AS tp_count FROM yy_products p,yy_products_manylanguage pm WHERE ( p.products_id=pm.products_id and pm.lang_id=2 and p.categories_id=0 and p.products_status=1 ) ORDER BY p.products_adddate desc LIMIT 1   [ RunTime:0.000739s ]
SQL: SHOW COLUMNS FROM `yy_products` [ RunTime:0.001870s ]
SQL: SELECT * FROM yy_products p,yy_products_manylanguage pm WHERE ( p.products_id=pm.products_id and pm.lang_id=2 and p.categories_id=0 and p.products_status=1 ) ORDER BY p.products_sort desc LIMIT 0,9   [ RunTime:0.001200s ]
SQL: SHOW COLUMNS FROM `yy_category` [ RunTime:0.000768s ]
SQL: SELECT * FROM yy_category c,yy_category_description cd WHERE ( c.categories_id=cd.categories_id and cd.language_id=2 and c.categories_id=0 )  [ RunTime:0.000243s ]
INFO: [ view_parse ] --START--
INFO: [ template_filter ] --START--
INFO: Run Behavior\ContentReplaceBehavior [ RunTime:0.000109s ]
INFO: [ template_filter ] --END-- [ RunTime:0.000247s ]
SQL: SELECT * FROM `yy_model` left join yy_category on yy_model.model_id=yy_category.model_id left join yy_category_description on yy_category_description.categories_id=yy_category.categories_id  WHERE ( yy_category_description.language_id=2 ) ORDER BY sort_order asc,yy_category.sort_order  [ RunTime:0.000794s ]
INFO: [ view_parse ] --START--
INFO: [ template_filter ] --START--
INFO: Run Behavior\ContentReplaceBehavior [ RunTime:0.000070s ]
INFO: [ template_filter ] --END-- [ RunTime:-0.017122s ]
INFO: Run Behavior\ParseTemplateBehavior [ RunTime:0.012573s ]
INFO: [ view_parse ] --END-- [ RunTime:0.013455s ]
INFO: [ view_filter ] --START--
INFO: Run Behavior\WriteHtmlCacheBehavior [ RunTime:0.000426s ]
INFO: [ view_filter ] --END-- [ RunTime:0.000507s ]
SQL: SELECT * FROM `yy_model` left join yy_category on yy_model.model_id=yy_category.model_id left join yy_category_description on yy_category_description.categories_id=yy_category.categories_id  WHERE ( yy_category_description.language_id=2 and yy_category.categories_status=1 ) ORDER BY yy_category.sort_order  [ RunTime:0.002023s ]
INFO: [ view_parse ] --START--
INFO: [ template_filter ] --START--
INFO: Run Behavior\ContentReplaceBehavior [ RunTime:0.000062s ]
INFO: [ template_filter ] --END-- [ RunTime:-0.031683s ]
NOTIC: [8] Undefined variable: cateids /home/project2/www/prosperity/www/App/Runtime/Cache/Home/3e779262f227f7cdb03a99e3a58ddd7a.php 第 3 行.
NOTIC: [8] Undefined variable: cateids /home/project2/www/prosperity/www/App/Runtime/Cache/Home/3e779262f227f7cdb03a99e3a58ddd7a.php 第 5 行.
INFO: Run Behavior\ParseTemplateBehavior [ RunTime:0.012901s ]
INFO: [ view_parse ] --END-- [ RunTime:-0.003421s ]
INFO: [ view_filter ] --START--
INFO: Run Behavior\WriteHtmlCacheBehavior [ RunTime:0.000018s ]
INFO: [ view_filter ] --END-- [ RunTime:-0.015927s ]
INFO: Run Behavior\ParseTemplateBehavior [ RunTime:0.013206s ]
INFO: [ view_parse ] --END-- [ RunTime:-0.003421s ]
INFO: [ view_filter ] --START--
INFO: Run Behavior\WriteHtmlCacheBehavior [ RunTime:0.000014s ]
INFO: [ view_filter ] --END-- [ RunTime:-0.016199s ]
INFO: [ app_end ] --START--
INFO: Run Behavior\ShowPageTraceBehavior [ RunTime:0.000588s ]
INFO: [ app_end ] --END-- [ RunTime:0.000659s ]

[ 2015-01-15T10:18:53+08:00 ] 61.93.167.48 /prosperity/www/index.php/Home/Index/cateShow/cate_id/51/products_id/33.html
INFO: [ app_init ] --START--
INFO: Run Behavior\BuildLiteBehavior [ RunTime:0.000028s ]
INFO: [ app_init ] --END-- [ RunTime:0.000449s ]
INFO: [ app_begin ] --START--
INFO: Run Behavior\ReadHtmlCacheBehavior [ RunTime:0.000548s ]
INFO: Run Behavior\CheckLangBehavior [ RunTime:0.000540s ]
INFO: [ app_begin ] --END-- [ RunTime:0.001220s ]
SQL: SHOW COLUMNS FROM `yy_category` [ RunTime:0.000722s ]
SQL: SELECT `model_id` FROM `yy_category` WHERE ( categories_id=51 ) LIMIT 1   [ RunTime:0.000218s ]
SQL: SHOW COLUMNS FROM `yy_model` [ RunTime:0.001382s ]
SQL: SELECT * FROM `yy_model` WHERE ( model_id=2 ) LIMIT 1   [ RunTime:0.000282s ]
SQL: SHOW COLUMNS FROM `yy_category` [ RunTime:0.000558s ]
SQL: SELECT * FROM yy_category c,yy_category_description cd WHERE ( c.categories_id=cd.categories_id and cd.language_id=2 and c.categories_id=51 )  [ RunTime:0.000215s ]
SQL: SHOW COLUMNS FROM `yy_products` [ RunTime:0.000554s ]
SQL: SELECT * FROM yy_products p,yy_products_manylanguage pm WHERE ( p.products_id=pm.products_id and pm.lang_id=2 and pm.products_id=33 )  [ RunTime:0.000453s ]
INFO: [ view_parse ] --START--
INFO: [ template_filter ] --START--
INFO: Run Behavior\ContentReplaceBehavior [ RunTime:0.000084s ]
INFO: [ template_filter ] --END-- [ RunTime:0.000187s ]
SQL: SELECT * FROM `yy_model` left join yy_category on yy_model.model_id=yy_category.model_id left join yy_category_description on yy_category_description.categories_id=yy_category.categories_id  WHERE ( yy_category_description.language_id=2 ) ORDER BY sort_order asc,yy_category.sort_order  [ RunTime:0.000537s ]
INFO: [ view_parse ] --START--
INFO: [ template_filter ] --START--
INFO: Run Behavior\ContentReplaceBehavior [ RunTime:0.000053s ]
INFO: [ template_filter ] --END-- [ RunTime:-0.005237s ]
INFO: Run Behavior\ParseTemplateBehavior [ RunTime:0.003546s ]
INFO: [ view_parse ] --END-- [ RunTime:0.003639s ]
INFO: [ view_filter ] --START--
INFO: Run Behavior\WriteHtmlCacheBehavior [ RunTime:0.000202s ]
INFO: [ view_filter ] --END-- [ RunTime:0.000276s ]
SQL: SELECT * FROM `yy_model` left join yy_category on yy_model.model_id=yy_category.model_id left join yy_category_description on yy_category_description.categories_id=yy_category.categories_id  WHERE ( yy_category_description.language_id=2 and yy_category.categories_status=1 ) ORDER BY yy_category.sort_order  [ RunTime:0.000488s ]
INFO: [ view_parse ] --START--
INFO: [ template_filter ] --START--
INFO: Run Behavior\ContentReplaceBehavior [ RunTime:0.000136s ]
INFO: [ template_filter ] --END-- [ RunTime:-0.011592s ]
NOTIC: [8] Undefined variable: cateid /home/project2/www/prosperity/www/App/Runtime/Cache/Home/3e779262f227f7cdb03a99e3a58ddd7a.php 第 1 行.
NOTIC: [8] Undefined variable: cateid /home/project2/www/prosperity/www/App/Runtime/Cache/Home/3e779262f227f7cdb03a99e3a58ddd7a.php 第 1 行.
NOTIC: [8] Undefined variable: cateid /home/project2/www/prosperity/www/App/Runtime/Cache/Home/3e779262f227f7cdb03a99e3a58ddd7a.php 第 1 行.
NOTIC: [8] Undefined variable: cateids /home/project2/www/prosperity/www/App/Runtime/Cache/Home/3e779262f227f7cdb03a99e3a58ddd7a.php 第 3 行.
NOTIC: [8] Undefined variable: cateids /home/project2/www/prosperity/www/App/Runtime/Cache/Home/3e779262f227f7cdb03a99e3a58ddd7a.php 第 5 行.
INFO: Run Behavior\ParseTemplateBehavior [ RunTime:0.004918s ]
INFO: [ view_parse ] --END-- [ RunTime:-0.001634s ]
INFO: [ view_filter ] --START--
INFO: Run Behavior\WriteHtmlCacheBehavior [ RunTime:0.000016s ]
INFO: [ view_filter ] --END-- [ RunTime:-0.006189s ]
INFO: Run Behavior\ParseTemplateBehavior [ RunTime:0.005183s ]
INFO: [ view_parse ] --END-- [ RunTime:-0.001634s ]
INFO: [ view_filter ] --START--
INFO: Run Behavior\WriteHtmlCacheBehavior [ RunTime:0.000014s ]
INFO: [ view_filter ] --END-- [ RunTime:-0.006462s ]
INFO: [ app_end ] --START--
INFO: Run Behavior\ShowPageTraceBehavior [ RunTime:0.000501s ]
INFO: [ app_end ] --END-- [ RunTime:0.000573s ]

[ 2015-01-15T10:18:54+08:00 ] 61.93.167.48 /prosperity/www/index.php/Home/Index/cateShow/cate_id/51/products_id/js/jquery-2.0.2.js
INFO: [ app_init ] --START--
INFO: Run Behavior\BuildLiteBehavior [ RunTime:0.000027s ]
INFO: [ app_init ] --END-- [ RunTime:0.000498s ]
INFO: [ app_begin ] --START--
INFO: Run Behavior\ReadHtmlCacheBehavior [ RunTime:0.000543s ]
INFO: Run Behavior\CheckLangBehavior [ RunTime:0.000561s ]
INFO: [ app_begin ] --END-- [ RunTime:0.001241s ]
SQL: SHOW COLUMNS FROM `yy_category` [ RunTime:0.000800s ]
SQL: SELECT `model_id` FROM `yy_category` WHERE ( categories_id=51 ) LIMIT 1   [ RunTime:0.000242s ]
SQL: SHOW COLUMNS FROM `yy_model` [ RunTime:0.000579s ]
SQL: SELECT * FROM `yy_model` WHERE ( model_id=2 ) LIMIT 1   [ RunTime:0.000184s ]
SQL: SHOW COLUMNS FROM `yy_category` [ RunTime:0.000642s ]
SQL: SELECT * FROM yy_category c,yy_category_description cd WHERE ( c.categories_id=cd.categories_id and cd.language_id=2 and c.categories_id=51 )  [ RunTime:0.000235s ]
SQL: SHOW COLUMNS FROM `yy_products` [ RunTime:0.000591s ]
SQL: SELECT * FROM yy_products p,yy_products_manylanguage pm WHERE ( p.products_id=pm.products_id and pm.lang_id=2 and pm.products_id=js )  [ RunTime:0.000153s ]
ERR: 1054:Unknown column 'js' in 'where clause'
 [ SQL语句 ] : SELECT * FROM yy_products p,yy_products_manylanguage pm WHERE ( p.products_id=pm.products_id and pm.lang_id=2 and pm.products_id=js ) 
INFO: [ view_parse ] --START--
INFO: [ template_filter ] --START--
INFO: Run Behavior\ContentReplaceBehavior [ RunTime:0.000102s ]
INFO: [ template_filter ] --END-- [ RunTime:0.000205s ]
SQL: SELECT * FROM `yy_model` left join yy_category on yy_model.model_id=yy_category.model_id left join yy_category_description on yy_category_description.categories_id=yy_category.categories_id  WHERE ( yy_category_description.language_id=2 ) ORDER BY sort_order asc,yy_category.sort_order  [ RunTime:0.000558s ]
INFO: [ view_parse ] --START--
INFO: [ template_filter ] --START--
INFO: Run Behavior\ContentReplaceBehavior [ RunTime:0.000077s ]
INFO: [ template_filter ] --END-- [ RunTime:-0.005545s ]
INFO: Run Behavior\ParseTemplateBehavior [ RunTime:0.003848s ]
INFO: [ view_parse ] --END-- [ RunTime:0.003946s ]
INFO: [ view_filter ] --START--
INFO: Run Behavior\WriteHtmlCacheBehavior [ RunTime:0.000195s ]
INFO: [ view_filter ] --END-- [ RunTime:0.000264s ]
SQL: SELECT * FROM `yy_model` left join yy_category on yy_model.model_id=yy_category.model_id left join yy_category_description on yy_category_description.categories_id=yy_category.categories_id  WHERE ( yy_category_description.language_id=2 and yy_category.categories_status=1 ) ORDER BY yy_category.sort_order  [ RunTime:0.000557s ]
INFO: [ view_parse ] --START--
INFO: [ template_filter ] --START--
INFO: Run Behavior\ContentReplaceBehavior [ RunTime:0.000058s ]
INFO: [ template_filter ] --END-- [ RunTime:-0.012122s ]
NOTIC: [8] Undefined variable: cateid /home/project2/www/prosperity/www/App/Runtime/Cache/Home/3e779262f227f7cdb03a99e3a58ddd7a.php 第 1 行.
NOTIC: [8] Undefined variable: cateid /home/project2/www/prosperity/www/App/Runtime/Cache/Home/3e779262f227f7cdb03a99e3a58ddd7a.php 第 1 行.
NOTIC: [8] Undefined variable: cateid /home/project2/www/prosperity/www/App/Runtime/Cache/Home/3e779262f227f7cdb03a99e3a58ddd7a.php 第 1 行.
NOTIC: [8] Undefined variable: cateids /home/project2/www/prosperity/www/App/Runtime/Cache/Home/3e779262f227f7cdb03a99e3a58ddd7a.php 第 3 行.
NOTIC: [8] Undefined variable: cateids /home/project2/www/prosperity/www/App/Runtime/Cache/Home/3e779262f227f7cdb03a99e3a58ddd7a.php 第 5 行.
INFO: Run Behavior\ParseTemplateBehavior [ RunTime:0.004818s ]
INFO: [ view_parse ] --END-- [ RunTime:-0.001572s ]
INFO: [ view_filter ] --START--
INFO: Run Behavior\WriteHtmlCacheBehavior [ RunTime:0.000016s ]
INFO: [ view_filter ] --END-- [ RunTime:-0.006201s ]
INFO: Run Behavior\ParseTemplateBehavior [ RunTime:0.005060s ]
INFO: [ view_parse ] --END-- [ RunTime:-0.001572s ]
INFO: [ view_filter ] --START--
INFO: Run Behavior\WriteHtmlCacheBehavior [ RunTime:0.000027s ]
INFO: [ view_filter ] --END-- [ RunTime:-0.006438s ]
INFO: [ app_end ] --START--
INFO: Run Behavior\ShowPageTraceBehavior [ RunTime:0.001236s ]
INFO: [ app_end ] --END-- [ RunTime:0.001315s ]

