[ 2015-01-13T10:43:42+08:00 ] 66.249.84.133 /prosperity/www/
INFO: [ app_init ] --START--
INFO: Run Behavior\BuildLiteBehavior [ RunTime:0.000026s ]
INFO: [ app_init ] --END-- [ RunTime:0.000449s ]
INFO: [ app_begin ] --START--
INFO: Run Behavior\ReadHtmlCacheBehavior [ RunTime:0.000511s ]
INFO: Run Behavior\CheckLangBehavior [ RunTime:0.000590s ]
INFO: [ app_begin ] --END-- [ RunTime:0.001241s ]
INFO: [ view_parse ] --START--
INFO: [ template_filter ] --START--
INFO: Run Behavior\ContentReplaceBehavior [ RunTime:0.000118s ]
INFO: [ template_filter ] --END-- [ RunTime:0.000225s ]
SQL: SHOW COLUMNS FROM `yy_model` [ RunTime:0.000987s ]
SQL: SELECT * FROM `yy_model` left join yy_category on yy_model.model_id=yy_category.model_id left join yy_category_description on yy_category_description.categories_id=yy_category.categories_id  WHERE ( yy_category_description.language_id=2 ) ORDER BY sort_order asc,yy_category.sort_order  [ RunTime:0.003606s ]
INFO: [ view_parse ] --START--
INFO: [ template_filter ] --START--
INFO: Run Behavior\ContentReplaceBehavior [ RunTime:0.000058s ]
INFO: [ template_filter ] --END-- [ RunTime:-0.021421s ]
INFO: Run Behavior\ParseTemplateBehavior [ RunTime:0.005911s ]
INFO: [ view_parse ] --END-- [ RunTime:0.006017s ]
INFO: [ view_filter ] --START--
INFO: Run Behavior\WriteHtmlCacheBehavior [ RunTime:0.000195s ]
INFO: [ view_filter ] --END-- [ RunTime:0.000263s ]
SQL: SHOW COLUMNS FROM `yy_products` [ RunTime:0.001677s ]
SQL: SELECT * FROM `yy_products` left join yy_products_manylanguage on yy_products.products_id=yy_products_manylanguage.products_id  WHERE ( yy_products_manylanguage.lang_id=2 and yy_products.categories_id=52 and yy_products.products_status=1 ) ORDER BY yy_products.products_adddate desc LIMIT 4   [ RunTime:0.001679s ]
INFO: [ view_parse ] --START--
INFO: [ template_filter ] --START--
INFO: Run Behavior\ContentReplaceBehavior [ RunTime:0.000062s ]
INFO: [ template_filter ] --END-- [ RunTime:-0.032181s ]
INFO: Run Behavior\ParseTemplateBehavior [ RunTime:0.003662s ]
INFO: [ view_parse ] --END-- [ RunTime:-0.004759s ]
INFO: [ view_filter ] --START--
INFO: Run Behavior\WriteHtmlCacheBehavior [ RunTime:0.000017s ]
INFO: [ view_filter ] --END-- [ RunTime:-0.008280s ]
SQL: SELECT * FROM `yy_model` left join yy_category on yy_model.model_id=yy_category.model_id left join yy_category_description on yy_category_description.categories_id=yy_category.categories_id  WHERE ( yy_category_description.language_id=2 ) ORDER BY yy_category.sort_order  [ RunTime:0.000524s ]
INFO: [ view_parse ] --START--
INFO: [ template_filter ] --START--
INFO: Run Behavior\ContentReplaceBehavior [ RunTime:0.000061s ]
INFO: [ template_filter ] --END-- [ RunTime:-0.038955s ]
INFO: Run Behavior\ParseTemplateBehavior [ RunTime:0.007033s ]
INFO: [ view_parse ] --END-- [ RunTime:-0.010012s ]
INFO: [ view_filter ] --START--
INFO: Run Behavior\WriteHtmlCacheBehavior [ RunTime:0.000021s ]
INFO: [ view_filter ] --END-- [ RunTime:-0.016878s ]
SQL: SHOW COLUMNS FROM `yy_news` [ RunTime:0.000932s ]
SQL: SELECT * FROM `yy_news` left join yy_news_manylanguage on yy_news.news_id=yy_news_manylanguage.news_id  WHERE ( yy_news_manylanguage.lang_id=2 and yy_news.news_status=1 ) ORDER BY yy_news.news_adddate desc LIMIT 3   [ RunTime:0.000738s ]
INFO: [ view_parse ] --START--
INFO: [ template_filter ] --START--
INFO: Run Behavior\ContentReplaceBehavior [ RunTime:0.000062s ]
INFO: [ template_filter ] --END-- [ RunTime:-0.050306s ]
INFO: Run Behavior\ParseTemplateBehavior [ RunTime:0.006367s ]
INFO: [ view_parse ] --END-- [ RunTime:-0.020084s ]
INFO: [ view_filter ] --START--
INFO: Run Behavior\WriteHtmlCacheBehavior [ RunTime:0.000016s ]
INFO: [ view_filter ] --END-- [ RunTime:-0.026273s ]
INFO: Run Behavior\ParseTemplateBehavior [ RunTime:0.006594s ]
INFO: [ view_parse ] --END-- [ RunTime:-0.020084s ]
INFO: [ view_filter ] --START--
INFO: Run Behavior\WriteHtmlCacheBehavior [ RunTime:0.000013s ]
INFO: [ view_filter ] --END-- [ RunTime:-0.026480s ]
INFO: [ app_end ] --START--
INFO: Run Behavior\ShowPageTraceBehavior [ RunTime:0.000535s ]
INFO: [ app_end ] --END-- [ RunTime:0.000623s ]

