[ 2015-01-26T10:38:50+08:00 ] 61.93.167.48 /prosperity/www/index.php
INFO: [ app_init ] --START--
INFO: Run Behavior\BuildLiteBehavior [ RunTime:0.000091s ]
INFO: [ app_init ] --END-- [ RunTime:0.001076s ]
INFO: [ app_begin ] --START--
INFO: Run Behavior\ReadHtmlCacheBehavior [ RunTime:0.000951s ]
INFO: Run Behavior\CheckLangBehavior [ RunTime:0.001144s ]
INFO: [ app_begin ] --END-- [ RunTime:0.002421s ]
INFO: [ view_parse ] --START--
INFO: [ template_filter ] --START--
INFO: Run Behavior\ContentReplaceBehavior [ RunTime:0.000140s ]
INFO: [ template_filter ] --END-- [ RunTime:0.000300s ]
SQL: SHOW COLUMNS FROM `yy_model` [ RunTime:0.001780s ]
SQL: SELECT * FROM `yy_model` left join yy_category on yy_model.model_id=yy_category.model_id left join yy_category_description on yy_category_description.categories_id=yy_category.categories_id  WHERE ( yy_category_description.language_id=2 ) ORDER BY sort_order asc,yy_category.sort_order  [ RunTime:0.001832s ]
INFO: [ view_parse ] --START--
INFO: [ template_filter ] --START--
INFO: Run Behavior\ContentReplaceBehavior [ RunTime:0.000067s ]
INFO: [ template_filter ] --END-- [ RunTime:-0.031441s ]
INFO: Run Behavior\ParseTemplateBehavior [ RunTime:0.004831s ]
INFO: [ view_parse ] --END-- [ RunTime:0.005020s ]
INFO: [ view_filter ] --START--
INFO: Run Behavior\WriteHtmlCacheBehavior [ RunTime:0.000359s ]
INFO: [ view_filter ] --END-- [ RunTime:0.000466s ]
SQL: SHOW COLUMNS FROM `yy_products` [ RunTime:0.001699s ]
SQL: SELECT * FROM `yy_products` left join yy_products_manylanguage on yy_products.products_id=yy_products_manylanguage.products_id  WHERE ( yy_products_manylanguage.lang_id=2 and yy_products.categories_id=52 and yy_products.products_status=1 ) ORDER BY yy_products.products_adddate desc LIMIT 4   [ RunTime:0.002888s ]
INFO: [ view_parse ] --START--
INFO: [ template_filter ] --START--
INFO: Run Behavior\ContentReplaceBehavior [ RunTime:0.000119s ]
INFO: [ template_filter ] --END-- [ RunTime:-0.043127s ]
INFO: Run Behavior\ParseTemplateBehavior [ RunTime:0.003880s ]
INFO: [ view_parse ] --END-- [ RunTime:-0.006968s ]
INFO: [ view_filter ] --START--
INFO: Run Behavior\WriteHtmlCacheBehavior [ RunTime:0.000020s ]
INFO: [ view_filter ] --END-- [ RunTime:-0.010474s ]
SQL: SELECT * FROM `yy_model` left join yy_category on yy_model.model_id=yy_category.model_id left join yy_category_description on yy_category_description.categories_id=yy_category.categories_id  WHERE ( yy_category_description.language_id=2 ) ORDER BY yy_category.sort_order  [ RunTime:0.000895s ]
INFO: [ view_parse ] --START--
INFO: [ template_filter ] --START--
INFO: Run Behavior\ContentReplaceBehavior [ RunTime:0.000090s ]
INFO: [ template_filter ] --END-- [ RunTime:-0.049703s ]
INFO: Run Behavior\ParseTemplateBehavior [ RunTime:0.004181s ]
INFO: [ view_parse ] --END-- [ RunTime:-0.013125s ]
INFO: [ view_filter ] --START--
INFO: Run Behavior\WriteHtmlCacheBehavior [ RunTime:0.000020s ]
INFO: [ view_filter ] --END-- [ RunTime:-0.016941s ]
SQL: SHOW COLUMNS FROM `yy_news` [ RunTime:0.002272s ]
SQL: SELECT * FROM `yy_news` left join yy_news_manylanguage on yy_news.news_id=yy_news_manylanguage.news_id  WHERE ( yy_news_manylanguage.lang_id=2 and yy_news.news_status=1 ) ORDER BY yy_news.news_adddate desc LIMIT 3   [ RunTime:0.001524s ]
INFO: [ view_parse ] --START--
INFO: [ template_filter ] --START--
INFO: Run Behavior\ContentReplaceBehavior [ RunTime:0.000065s ]
INFO: [ template_filter ] --END-- [ RunTime:-0.059793s ]
INFO: Run Behavior\ParseTemplateBehavior [ RunTime:0.004202s ]
INFO: [ view_parse ] --END-- [ RunTime:-0.023515s ]
INFO: [ view_filter ] --START--
INFO: Run Behavior\WriteHtmlCacheBehavior [ RunTime:0.000022s ]
INFO: [ view_filter ] --END-- [ RunTime:-0.027411s ]
INFO: Run Behavior\ParseTemplateBehavior [ RunTime:0.004508s ]
INFO: [ view_parse ] --END-- [ RunTime:-0.023515s ]
INFO: [ view_filter ] --START--
INFO: Run Behavior\WriteHtmlCacheBehavior [ RunTime:0.000013s ]
INFO: [ view_filter ] --END-- [ RunTime:-0.027651s ]
INFO: [ app_end ] --START--
INFO: Run Behavior\ShowPageTraceBehavior [ RunTime:0.000765s ]
INFO: [ app_end ] --END-- [ RunTime:0.000887s ]

