[ 2015-01-30T11:34:37+08:00 ] 14.17.29.92 /prosperity/www/index.php
INFO: [ app_init ] --START--
INFO: Run Behavior\BuildLiteBehavior [ RunTime:0.000033s ]
INFO: [ app_init ] --END-- [ RunTime:0.000539s ]
INFO: [ app_begin ] --START--
INFO: Run Behavior\ReadHtmlCacheBehavior [ RunTime:0.000708s ]
INFO: Run Behavior\CheckLangBehavior [ RunTime:0.012755s ]
INFO: [ app_begin ] --END-- [ RunTime:0.013716s ]
INFO: [ view_parse ] --START--
INFO: [ template_filter ] --START--
INFO: Run Behavior\ContentReplaceBehavior [ RunTime:0.000148s ]
INFO: [ template_filter ] --END-- [ RunTime:0.000291s ]
SQL: SHOW COLUMNS FROM `yy_model` [ RunTime:0.024210s ]
SQL: SELECT * FROM `yy_model` left join yy_category on yy_model.model_id=yy_category.model_id left join yy_category_description on yy_category_description.categories_id=yy_category.categories_id  WHERE ( yy_category_description.language_id=2 ) ORDER BY sort_order asc,yy_category.sort_order  [ RunTime:0.012813s ]
INFO: [ view_parse ] --START--
INFO: [ template_filter ] --START--
INFO: Run Behavior\ContentReplaceBehavior [ RunTime:0.000066s ]
INFO: [ template_filter ] --END-- [ RunTime:-0.094197s ]
INFO: Run Behavior\ParseTemplateBehavior [ RunTime:0.011582s ]
INFO: [ view_parse ] --END-- [ RunTime:0.011743s ]
INFO: [ view_filter ] --START--
INFO: Run Behavior\WriteHtmlCacheBehavior [ RunTime:0.000258s ]
INFO: [ view_filter ] --END-- [ RunTime:0.000347s ]
SQL: SHOW COLUMNS FROM `yy_products` [ RunTime:0.012856s ]
SQL: SELECT * FROM `yy_products` left join yy_products_manylanguage on yy_products.products_id=yy_products_manylanguage.products_id  WHERE ( yy_products_manylanguage.lang_id=2 and yy_products.categories_id=52 and yy_products.products_status=1 ) ORDER BY yy_products.products_adddate desc LIMIT 4   [ RunTime:0.016233s ]
INFO: [ view_parse ] --START--
INFO: [ template_filter ] --START--
INFO: Run Behavior\ContentReplaceBehavior [ RunTime:0.000059s ]
INFO: [ template_filter ] --END-- [ RunTime:-0.138649s ]
INFO: Run Behavior\ParseTemplateBehavior [ RunTime:0.009439s ]
INFO: [ view_parse ] --END-- [ RunTime:-0.030821s ]
INFO: [ view_filter ] --START--
INFO: Run Behavior\WriteHtmlCacheBehavior [ RunTime:0.000020s ]
INFO: [ view_filter ] --END-- [ RunTime:-0.040031s ]
SQL: SELECT * FROM `yy_model` left join yy_category on yy_model.model_id=yy_category.model_id left join yy_category_description on yy_category_description.categories_id=yy_category.categories_id  WHERE ( yy_category_description.language_id=2 ) ORDER BY yy_category.sort_order  [ RunTime:0.000797s ]
INFO: [ view_parse ] --START--
INFO: [ template_filter ] --START--
INFO: Run Behavior\ContentReplaceBehavior [ RunTime:0.000071s ]
INFO: [ template_filter ] --END-- [ RunTime:-0.148575s ]
INFO: Run Behavior\ParseTemplateBehavior [ RunTime:0.007659s ]
INFO: [ view_parse ] --END-- [ RunTime:-0.042335s ]
INFO: [ view_filter ] --START--
INFO: Run Behavior\WriteHtmlCacheBehavior [ RunTime:0.000019s ]
INFO: [ view_filter ] --END-- [ RunTime:-0.049741s ]
SQL: SHOW COLUMNS FROM `yy_news` [ RunTime:0.003196s ]
SQL: SELECT * FROM `yy_news` left join yy_news_manylanguage on yy_news.news_id=yy_news_manylanguage.news_id  WHERE ( yy_news_manylanguage.lang_id=2 and yy_news.news_status=1 ) ORDER BY yy_news.news_adddate desc LIMIT 3   [ RunTime:0.008190s ]
INFO: [ view_parse ] --START--
INFO: [ template_filter ] --START--
INFO: Run Behavior\ContentReplaceBehavior [ RunTime:0.000059s ]
INFO: [ template_filter ] --END-- [ RunTime:-0.171296s ]
INFO: Run Behavior\ParseTemplateBehavior [ RunTime:0.010017s ]
INFO: [ view_parse ] --END-- [ RunTime:-0.063037s ]
INFO: [ view_filter ] --START--
INFO: Run Behavior\WriteHtmlCacheBehavior [ RunTime:0.000018s ]
INFO: [ view_filter ] --END-- [ RunTime:-0.072808s ]
INFO: Run Behavior\ParseTemplateBehavior [ RunTime:0.010299s ]
INFO: [ view_parse ] --END-- [ RunTime:-0.063037s ]
INFO: [ view_filter ] --START--
INFO: Run Behavior\WriteHtmlCacheBehavior [ RunTime:0.000015s ]
INFO: [ view_filter ] --END-- [ RunTime:-0.073066s ]
INFO: [ app_end ] --START--
INFO: Run Behavior\ShowPageTraceBehavior [ RunTime:0.000695s ]
INFO: [ app_end ] --END-- [ RunTime:0.000803s ]

