[ 2015-01-23T11:29:48+08:00 ] 223.197.235.13 /prosperity/www/index.php
INFO: [ app_init ] --START--
INFO: Run Behavior\BuildLiteBehavior [ RunTime:0.000038s ]
INFO: [ app_init ] --END-- [ RunTime:0.001185s ]
INFO: [ app_begin ] --START--
INFO: Run Behavior\ReadHtmlCacheBehavior [ RunTime:0.000645s ]
INFO: Run Behavior\CheckLangBehavior [ RunTime:0.000837s ]
INFO: [ app_begin ] --END-- [ RunTime:0.001656s ]
INFO: [ view_parse ] --START--
INFO: [ template_filter ] --START--
INFO: Run Behavior\ContentReplaceBehavior [ RunTime:0.000132s ]
INFO: [ template_filter ] --END-- [ RunTime:0.000270s ]
SQL: SHOW COLUMNS FROM `yy_model` [ RunTime:0.001303s ]
SQL: SELECT * FROM `yy_model` left join yy_category on yy_model.model_id=yy_category.model_id left join yy_category_description on yy_category_description.categories_id=yy_category.categories_id  WHERE ( yy_category_description.language_id=2 ) ORDER BY sort_order asc,yy_category.sort_order  [ RunTime:0.001429s ]
INFO: [ view_parse ] --START--
INFO: [ template_filter ] --START--
INFO: Run Behavior\ContentReplaceBehavior [ RunTime:0.000073s ]
INFO: [ template_filter ] --END-- [ RunTime:-0.156180s ]
INFO: Run Behavior\ParseTemplateBehavior [ RunTime:0.004409s ]
INFO: [ view_parse ] --END-- [ RunTime:0.004535s ]
INFO: [ view_filter ] --START--
INFO: Run Behavior\WriteHtmlCacheBehavior [ RunTime:0.000300s ]
INFO: [ view_filter ] --END-- [ RunTime:0.000373s ]
SQL: SHOW COLUMNS FROM `yy_products` [ RunTime:0.001445s ]
SQL: SELECT * FROM `yy_products` left join yy_products_manylanguage on yy_products.products_id=yy_products_manylanguage.products_id  WHERE ( yy_products_manylanguage.lang_id=2 and yy_products.categories_id=52 and yy_products.products_status=1 ) ORDER BY yy_products.products_adddate desc LIMIT 4   [ RunTime:0.002592s ]
INFO: [ view_parse ] --START--
INFO: [ template_filter ] --START--
INFO: Run Behavior\ContentReplaceBehavior [ RunTime:0.000064s ]
INFO: [ template_filter ] --END-- [ RunTime:-0.166625s ]
INFO: Run Behavior\ParseTemplateBehavior [ RunTime:0.003757s ]
INFO: [ view_parse ] --END-- [ RunTime:-0.005853s ]
INFO: [ view_filter ] --START--
INFO: Run Behavior\WriteHtmlCacheBehavior [ RunTime:0.000018s ]
INFO: [ view_filter ] --END-- [ RunTime:-0.009375s ]
SQL: SELECT * FROM `yy_model` left join yy_category on yy_model.model_id=yy_category.model_id left join yy_category_description on yy_category_description.categories_id=yy_category.categories_id  WHERE ( yy_category_description.language_id=2 ) ORDER BY yy_category.sort_order  [ RunTime:0.001251s ]
INFO: [ view_parse ] --START--
INFO: [ template_filter ] --START--
INFO: Run Behavior\ContentReplaceBehavior [ RunTime:0.000082s ]
INFO: [ template_filter ] --END-- [ RunTime:-0.173510s ]
INFO: Run Behavior\ParseTemplateBehavior [ RunTime:0.004174s ]
INFO: [ view_parse ] --END-- [ RunTime:-0.012130s ]
INFO: [ view_filter ] --START--
INFO: Run Behavior\WriteHtmlCacheBehavior [ RunTime:0.000019s ]
INFO: [ view_filter ] --END-- [ RunTime:-0.016028s ]
SQL: SHOW COLUMNS FROM `yy_news` [ RunTime:0.001354s ]
SQL: SELECT * FROM `yy_news` left join yy_news_manylanguage on yy_news.news_id=yy_news_manylanguage.news_id  WHERE ( yy_news_manylanguage.lang_id=2 and yy_news.news_status=1 ) ORDER BY yy_news.news_adddate desc LIMIT 3   [ RunTime:0.001868s ]
INFO: [ view_parse ] --START--
INFO: [ template_filter ] --START--
INFO: Run Behavior\ContentReplaceBehavior [ RunTime:0.000059s ]
INFO: [ template_filter ] --END-- [ RunTime:-0.181987s ]
INFO: Run Behavior\ParseTemplateBehavior [ RunTime:0.004036s ]
INFO: [ view_parse ] --END-- [ RunTime:-0.021199s ]
INFO: [ view_filter ] --START--
INFO: Run Behavior\WriteHtmlCacheBehavior [ RunTime:0.000018s ]
INFO: [ view_filter ] --END-- [ RunTime:-0.024967s ]
INFO: Run Behavior\ParseTemplateBehavior [ RunTime:0.004308s ]
INFO: [ view_parse ] --END-- [ RunTime:-0.021199s ]
INFO: [ view_filter ] --START--
INFO: Run Behavior\WriteHtmlCacheBehavior [ RunTime:0.000014s ]
INFO: [ view_filter ] --END-- [ RunTime:-0.025254s ]
INFO: [ app_end ] --START--
INFO: Run Behavior\ShowPageTraceBehavior [ RunTime:0.000857s ]
INFO: [ app_end ] --END-- [ RunTime:0.000958s ]

[ 2015-01-23T11:29:50+08:00 ] 223.197.235.13 /prosperity/www/index.php/Home/Index/cateJump/model_id/1/cateid/26.html
INFO: [ app_init ] --START--
INFO: Run Behavior\BuildLiteBehavior [ RunTime:0.000034s ]
INFO: [ app_init ] --END-- [ RunTime:0.000567s ]
INFO: [ app_begin ] --START--
INFO: Run Behavior\ReadHtmlCacheBehavior [ RunTime:0.000747s ]
INFO: Run Behavior\CheckLangBehavior [ RunTime:0.000677s ]
INFO: [ app_begin ] --END-- [ RunTime:0.001615s ]
SQL: SHOW COLUMNS FROM `yy_news` [ RunTime:0.001079s ]
SQL: SELECT max(news_adddate) FROM `yy_news` LIMIT 1   [ RunTime:0.000457s ]
SQL: SHOW COLUMNS FROM `yy_model` [ RunTime:0.000856s ]
SQL: SELECT * FROM `yy_model` WHERE `model_id` = 1 LIMIT 1   [ RunTime:0.000417s ]
SQL: SHOW COLUMNS FROM `yy_category` [ RunTime:0.000992s ]
SQL: SELECT * FROM yy_category c,yy_category_description cd WHERE ( c.categories_id=cd.categories_id and cd.language_id=2 and c.categories_id=26 )  [ RunTime:0.000477s ]
SQL: SHOW COLUMNS FROM `yy_news` [ RunTime:0.000868s ]
SQL: SELECT COUNT(*) AS tp_count FROM yy_news n,yy_news_manylanguage nm WHERE ( n.news_id=nm.news_id and nm.lang_id=2 and n.news_year=2016 ) ORDER BY n.news_adddate desc LIMIT 1   [ RunTime:0.000508s ]
SQL: SHOW COLUMNS FROM `yy_news` [ RunTime:0.001294s ]
SQL: SELECT * FROM yy_news n,yy_news_manylanguage nm WHERE ( n.news_id=nm.news_id and nm.lang_id=2 and n.news_year=2016 and n.news_status=1 ) ORDER BY n.news_adddate desc LIMIT 0,15   [ RunTime:0.000838s ]
INFO: [ view_parse ] --START--
INFO: [ template_filter ] --START--
INFO: Run Behavior\ContentReplaceBehavior [ RunTime:0.000094s ]
INFO: [ template_filter ] --END-- [ RunTime:0.000239s ]
SQL: SELECT * FROM `yy_model` left join yy_category on yy_model.model_id=yy_category.model_id left join yy_category_description on yy_category_description.categories_id=yy_category.categories_id  WHERE ( yy_category_description.language_id=2 ) ORDER BY sort_order asc,yy_category.sort_order  [ RunTime:0.000863s ]
INFO: [ view_parse ] --START--
INFO: [ template_filter ] --START--
INFO: Run Behavior\ContentReplaceBehavior [ RunTime:0.000071s ]
INFO: [ template_filter ] --END-- [ RunTime:-0.006793s ]
INFO: Run Behavior\ParseTemplateBehavior [ RunTime:0.004283s ]
INFO: [ view_parse ] --END-- [ RunTime:0.004420s ]
INFO: [ view_filter ] --START--
INFO: Run Behavior\WriteHtmlCacheBehavior [ RunTime:0.000306s ]
INFO: [ view_filter ] --END-- [ RunTime:0.000382s ]
SQL: SELECT `news_year` FROM `yy_news` GROUP BY news_year ORDER BY news_year desc  [ RunTime:0.000568s ]
INFO: [ view_parse ] --START--
INFO: [ template_filter ] --START--
INFO: Run Behavior\ContentReplaceBehavior [ RunTime:0.000090s ]
INFO: [ template_filter ] --END-- [ RunTime:-0.013074s ]
INFO: Run Behavior\ParseTemplateBehavior [ RunTime:0.004033s ]
INFO: [ view_parse ] --END-- [ RunTime:-0.001711s ]
INFO: [ view_filter ] --START--
INFO: Run Behavior\WriteHtmlCacheBehavior [ RunTime:0.000018s ]
INFO: [ view_filter ] --END-- [ RunTime:-0.005466s ]
INFO: Run Behavior\ParseTemplateBehavior [ RunTime:0.004446s ]
INFO: [ view_parse ] --END-- [ RunTime:-0.001711s ]
INFO: [ view_filter ] --START--
INFO: Run Behavior\WriteHtmlCacheBehavior [ RunTime:0.000015s ]
INFO: [ view_filter ] --END-- [ RunTime:-0.005864s ]
INFO: [ app_end ] --START--
INFO: Run Behavior\ShowPageTraceBehavior [ RunTime:0.000729s ]
INFO: [ app_end ] --END-- [ RunTime:0.000810s ]

[ 2015-01-23T11:29:50+08:00 ] 223.197.235.13 /prosperity/www/index.php/Home/Index/cateJump/model_id/1/cateid/js/jquery-2.0.2.js
INFO: [ app_init ] --START--
INFO: Run Behavior\BuildLiteBehavior [ RunTime:0.000033s ]
INFO: [ app_init ] --END-- [ RunTime:0.000523s ]
INFO: [ app_begin ] --START--
INFO: Run Behavior\ReadHtmlCacheBehavior [ RunTime:0.000599s ]
INFO: Run Behavior\CheckLangBehavior [ RunTime:0.000623s ]
INFO: [ app_begin ] --END-- [ RunTime:0.001388s ]
SQL: SHOW COLUMNS FROM `yy_model` [ RunTime:0.001188s ]
SQL: SELECT * FROM `yy_model` WHERE `model_id` = 1 LIMIT 1   [ RunTime:0.000581s ]
SQL: SHOW COLUMNS FROM `yy_category` [ RunTime:0.001033s ]
SQL: SELECT * FROM yy_category c,yy_category_description cd WHERE ( c.categories_id=cd.categories_id and cd.language_id=2 and c.categories_id=0 )  [ RunTime:0.000433s ]
SQL: SHOW COLUMNS FROM `yy_news` [ RunTime:0.000846s ]
SQL: SELECT COUNT(*) AS tp_count FROM yy_news n,yy_news_manylanguage nm WHERE ( n.news_id=nm.news_id and nm.lang_id=2 and n.news_year=0 ) ORDER BY n.news_adddate desc LIMIT 1   [ RunTime:0.000462s ]
SQL: SHOW COLUMNS FROM `yy_news` [ RunTime:0.002767s ]
SQL: SELECT * FROM yy_news n,yy_news_manylanguage nm WHERE ( n.news_id=nm.news_id and nm.lang_id=2 and n.news_year=0 and n.news_status=1 ) ORDER BY n.news_adddate desc LIMIT 0,15   [ RunTime:0.000801s ]
INFO: [ view_parse ] --START--
INFO: [ template_filter ] --START--
INFO: Run Behavior\ContentReplaceBehavior [ RunTime:0.000094s ]
INFO: [ template_filter ] --END-- [ RunTime:0.000236s ]
SQL: SELECT * FROM `yy_model` left join yy_category on yy_model.model_id=yy_category.model_id left join yy_category_description on yy_category_description.categories_id=yy_category.categories_id  WHERE ( yy_category_description.language_id=2 ) ORDER BY sort_order asc,yy_category.sort_order  [ RunTime:0.001019s ]
INFO: [ view_parse ] --START--
INFO: [ template_filter ] --START--
INFO: Run Behavior\ContentReplaceBehavior [ RunTime:0.000068s ]
INFO: [ template_filter ] --END-- [ RunTime:-0.006922s ]
INFO: Run Behavior\ParseTemplateBehavior [ RunTime:0.004263s ]
INFO: [ view_parse ] --END-- [ RunTime:0.004372s ]
INFO: [ view_filter ] --START--
INFO: Run Behavior\WriteHtmlCacheBehavior [ RunTime:0.000236s ]
INFO: [ view_filter ] --END-- [ RunTime:0.000310s ]
SQL: SHOW COLUMNS FROM `yy_news` [ RunTime:0.001024s ]
SQL: SELECT `news_year` FROM `yy_news` GROUP BY news_year ORDER BY news_year desc  [ RunTime:0.000455s ]
INFO: [ view_parse ] --START--
INFO: [ template_filter ] --START--
INFO: Run Behavior\ContentReplaceBehavior [ RunTime:0.000062s ]
INFO: [ template_filter ] --END-- [ RunTime:-0.014193s ]
INFO: Run Behavior\ParseTemplateBehavior [ RunTime:0.003924s ]
INFO: [ view_parse ] --END-- [ RunTime:-0.002869s ]
INFO: [ view_filter ] --START--
INFO: Run Behavior\WriteHtmlCacheBehavior [ RunTime:0.000019s ]
INFO: [ view_filter ] --END-- [ RunTime:-0.006593s ]
INFO: Run Behavior\ParseTemplateBehavior [ RunTime:0.004190s ]
INFO: [ view_parse ] --END-- [ RunTime:-0.002869s ]
INFO: [ view_filter ] --START--
INFO: Run Behavior\WriteHtmlCacheBehavior [ RunTime:0.000013s ]
INFO: [ view_filter ] --END-- [ RunTime:-0.006826s ]
INFO: [ app_end ] --START--
INFO: Run Behavior\ShowPageTraceBehavior [ RunTime:0.000707s ]
INFO: [ app_end ] --END-- [ RunTime:0.000795s ]

[ 2015-01-23T11:29:52+08:00 ] 223.197.235.13 /prosperity/www/index.php/Home/Index/cateJump/model_id/1/year/2015.html
INFO: [ app_init ] --START--
INFO: Run Behavior\BuildLiteBehavior [ RunTime:0.000029s ]
INFO: [ app_init ] --END-- [ RunTime:0.000533s ]
INFO: [ app_begin ] --START--
INFO: Run Behavior\ReadHtmlCacheBehavior [ RunTime:0.000585s ]
INFO: Run Behavior\CheckLangBehavior [ RunTime:0.000622s ]
INFO: [ app_begin ] --END-- [ RunTime:0.001364s ]
SQL: SHOW COLUMNS FROM `yy_model` [ RunTime:0.001320s ]
SQL: SELECT * FROM `yy_model` WHERE `model_id` = 1 LIMIT 1   [ RunTime:0.000397s ]
SQL: SHOW COLUMNS FROM `yy_category` [ RunTime:0.001003s ]
SQL: SELECT * FROM yy_category c,yy_category_description cd WHERE ( c.categories_id=cd.categories_id and cd.language_id=2 and c.categories_id=0 )  [ RunTime:0.000312s ]
SQL: SHOW COLUMNS FROM `yy_news` [ RunTime:0.000846s ]
SQL: SELECT COUNT(*) AS tp_count FROM yy_news n,yy_news_manylanguage nm WHERE ( n.news_id=nm.news_id and nm.lang_id=2 and n.news_year=2015 ) ORDER BY n.news_adddate desc LIMIT 1   [ RunTime:0.000347s ]
SQL: SHOW COLUMNS FROM `yy_news` [ RunTime:0.001019s ]
SQL: SELECT * FROM yy_news n,yy_news_manylanguage nm WHERE ( n.news_id=nm.news_id and nm.lang_id=2 and n.news_year=2015 and n.news_status=1 ) ORDER BY n.news_adddate desc LIMIT 0,15   [ RunTime:0.000965s ]
INFO: [ view_parse ] --START--
INFO: [ template_filter ] --START--
INFO: Run Behavior\ContentReplaceBehavior [ RunTime:0.000094s ]
INFO: [ template_filter ] --END-- [ RunTime:0.000247s ]
SQL: SELECT * FROM `yy_model` left join yy_category on yy_model.model_id=yy_category.model_id left join yy_category_description on yy_category_description.categories_id=yy_category.categories_id  WHERE ( yy_category_description.language_id=2 ) ORDER BY sort_order asc,yy_category.sort_order  [ RunTime:0.000716s ]
INFO: [ view_parse ] --START--
INFO: [ template_filter ] --START--
INFO: Run Behavior\ContentReplaceBehavior [ RunTime:0.000066s ]
INFO: [ template_filter ] --END-- [ RunTime:-0.006490s ]
INFO: Run Behavior\ParseTemplateBehavior [ RunTime:0.004196s ]
INFO: [ view_parse ] --END-- [ RunTime:0.004308s ]
INFO: [ view_filter ] --START--
INFO: Run Behavior\WriteHtmlCacheBehavior [ RunTime:0.000249s ]
INFO: [ view_filter ] --END-- [ RunTime:0.000319s ]
SQL: SHOW COLUMNS FROM `yy_news` [ RunTime:0.001124s ]
SQL: SELECT `news_year` FROM `yy_news` GROUP BY news_year ORDER BY news_year desc  [ RunTime:0.000299s ]
INFO: [ view_parse ] --START--
INFO: [ template_filter ] --START--
INFO: Run Behavior\ContentReplaceBehavior [ RunTime:0.000057s ]
INFO: [ template_filter ] --END-- [ RunTime:-0.013551s ]
INFO: Run Behavior\ParseTemplateBehavior [ RunTime:0.003562s ]
INFO: [ view_parse ] --END-- [ RunTime:-0.002730s ]
INFO: [ view_filter ] --START--
INFO: Run Behavior\WriteHtmlCacheBehavior [ RunTime:0.000018s ]
INFO: [ view_filter ] --END-- [ RunTime:-0.006069s ]
INFO: Run Behavior\ParseTemplateBehavior [ RunTime:0.004196s ]
INFO: [ view_parse ] --END-- [ RunTime:-0.002730s ]
INFO: [ view_filter ] --START--
INFO: Run Behavior\WriteHtmlCacheBehavior [ RunTime:0.000015s ]
INFO: [ view_filter ] --END-- [ RunTime:-0.006694s ]
INFO: [ app_end ] --START--
INFO: Run Behavior\ShowPageTraceBehavior [ RunTime:0.000703s ]
INFO: [ app_end ] --END-- [ RunTime:0.000786s ]

[ 2015-01-23T11:29:52+08:00 ] 223.197.235.13 /prosperity/www/index.php/Home/Index/cateJump/model_id/1/year/js/jquery-2.0.2.js
INFO: [ app_init ] --START--
INFO: Run Behavior\BuildLiteBehavior [ RunTime:0.000033s ]
INFO: [ app_init ] --END-- [ RunTime:0.000574s ]
INFO: [ app_begin ] --START--
INFO: Run Behavior\ReadHtmlCacheBehavior [ RunTime:0.000598s ]
INFO: Run Behavior\CheckLangBehavior [ RunTime:0.000704s ]
INFO: [ app_begin ] --END-- [ RunTime:0.001470s ]
SQL: SHOW COLUMNS FROM `yy_model` [ RunTime:0.001051s ]
SQL: SELECT * FROM `yy_model` WHERE `model_id` = 1 LIMIT 1   [ RunTime:0.000287s ]
SQL: SHOW COLUMNS FROM `yy_category` [ RunTime:0.000897s ]
SQL: SELECT * FROM yy_category c,yy_category_description cd WHERE ( c.categories_id=cd.categories_id and cd.language_id=2 and c.categories_id=0 )  [ RunTime:0.000298s ]
SQL: SHOW COLUMNS FROM `yy_news` [ RunTime:0.000923s ]
SQL: SELECT COUNT(*) AS tp_count FROM yy_news n,yy_news_manylanguage nm WHERE ( n.news_id=nm.news_id and nm.lang_id=2 and n.news_year=0 ) ORDER BY n.news_adddate desc LIMIT 1   [ RunTime:0.000358s ]
SQL: SHOW COLUMNS FROM `yy_news` [ RunTime:0.001002s ]
SQL: SELECT * FROM yy_news n,yy_news_manylanguage nm WHERE ( n.news_id=nm.news_id and nm.lang_id=2 and n.news_year=0 and n.news_status=1 ) ORDER BY n.news_adddate desc LIMIT 0,15   [ RunTime:0.000743s ]
INFO: [ view_parse ] --START--
INFO: [ template_filter ] --START--
INFO: Run Behavior\ContentReplaceBehavior [ RunTime:0.000095s ]
INFO: [ template_filter ] --END-- [ RunTime:0.000268s ]
SQL: SELECT * FROM `yy_model` left join yy_category on yy_model.model_id=yy_category.model_id left join yy_category_description on yy_category_description.categories_id=yy_category.categories_id  WHERE ( yy_category_description.language_id=2 ) ORDER BY sort_order asc,yy_category.sort_order  [ RunTime:0.000811s ]
INFO: [ view_parse ] --START--
INFO: [ template_filter ] --START--
INFO: Run Behavior\ContentReplaceBehavior [ RunTime:0.000066s ]
INFO: [ template_filter ] --END-- [ RunTime:-0.006942s ]
INFO: Run Behavior\ParseTemplateBehavior [ RunTime:0.004270s ]
INFO: [ view_parse ] --END-- [ RunTime:0.004396s ]
INFO: [ view_filter ] --START--
INFO: Run Behavior\WriteHtmlCacheBehavior [ RunTime:0.000249s ]
INFO: [ view_filter ] --END-- [ RunTime:0.000322s ]
SQL: SHOW COLUMNS FROM `yy_news` [ RunTime:0.001071s ]
SQL: SELECT `news_year` FROM `yy_news` GROUP BY news_year ORDER BY news_year desc  [ RunTime:0.000277s ]
INFO: [ view_parse ] --START--
INFO: [ template_filter ] --START--
INFO: Run Behavior\ContentReplaceBehavior [ RunTime:0.000054s ]
INFO: [ template_filter ] --END-- [ RunTime:-0.013993s ]
INFO: Run Behavior\ParseTemplateBehavior [ RunTime:0.003606s ]
INFO: [ view_parse ] --END-- [ RunTime:-0.002704s ]
INFO: [ view_filter ] --START--
INFO: Run Behavior\WriteHtmlCacheBehavior [ RunTime:0.000017s ]
INFO: [ view_filter ] --END-- [ RunTime:-0.006079s ]
INFO: Run Behavior\ParseTemplateBehavior [ RunTime:0.003864s ]
INFO: [ view_parse ] --END-- [ RunTime:-0.002704s ]
INFO: [ view_filter ] --START--
INFO: Run Behavior\WriteHtmlCacheBehavior [ RunTime:0.000014s ]
INFO: [ view_filter ] --END-- [ RunTime:-0.006320s ]
INFO: [ app_end ] --START--
INFO: Run Behavior\ShowPageTraceBehavior [ RunTime:0.000669s ]
INFO: [ app_end ] --END-- [ RunTime:0.000753s ]

[ 2015-01-23T11:29:53+08:00 ] 223.197.235.13 /prosperity/www/index.php/Home/Index/cateShow/cate_id/26/news_id/43.html
INFO: [ app_init ] --START--
INFO: Run Behavior\BuildLiteBehavior [ RunTime:0.000033s ]
INFO: [ app_init ] --END-- [ RunTime:0.000660s ]
INFO: [ app_begin ] --START--
INFO: Run Behavior\ReadHtmlCacheBehavior [ RunTime:0.000592s ]
INFO: Run Behavior\CheckLangBehavior [ RunTime:0.000707s ]
INFO: [ app_begin ] --END-- [ RunTime:0.001885s ]
SQL: SHOW COLUMNS FROM `yy_category` [ RunTime:0.000996s ]
SQL: SELECT `model_id` FROM `yy_category` WHERE ( categories_id=26 ) LIMIT 1   [ RunTime:0.000276s ]
SQL: SHOW COLUMNS FROM `yy_model` [ RunTime:0.000774s ]
SQL: SELECT * FROM `yy_model` WHERE ( model_id=1 ) LIMIT 1   [ RunTime:0.000226s ]
SQL: SHOW COLUMNS FROM `yy_category` [ RunTime:0.000778s ]
SQL: SELECT * FROM yy_category c,yy_category_description cd WHERE ( c.categories_id=cd.categories_id and cd.language_id=2 and c.categories_id=26 )  [ RunTime:0.000281s ]
SQL: SHOW COLUMNS FROM `yy_news` [ RunTime:0.000772s ]
SQL: SELECT * FROM yy_news n,yy_news_manylanguage nm WHERE ( n.news_id=nm.news_id and nm.lang_id=2 and nm.news_id=43 )  [ RunTime:0.000321s ]
INFO: [ view_parse ] --START--
INFO: [ template_filter ] --START--
INFO: Run Behavior\ContentReplaceBehavior [ RunTime:0.000084s ]
INFO: [ template_filter ] --END-- [ RunTime:0.000203s ]
SQL: SELECT * FROM `yy_model` left join yy_category on yy_model.model_id=yy_category.model_id left join yy_category_description on yy_category_description.categories_id=yy_category.categories_id  WHERE ( yy_category_description.language_id=2 ) ORDER BY sort_order asc,yy_category.sort_order  [ RunTime:0.000713s ]
INFO: [ view_parse ] --START--
INFO: [ template_filter ] --START--
INFO: Run Behavior\ContentReplaceBehavior [ RunTime:0.000063s ]
INFO: [ template_filter ] --END-- [ RunTime:-0.005935s ]
INFO: Run Behavior\ParseTemplateBehavior [ RunTime:0.003952s ]
INFO: [ view_parse ] --END-- [ RunTime:0.004053s ]
INFO: [ view_filter ] --START--
INFO: Run Behavior\WriteHtmlCacheBehavior [ RunTime:0.000202s ]
INFO: [ view_filter ] --END-- [ RunTime:0.000273s ]
SQL: SHOW COLUMNS FROM `yy_news` [ RunTime:0.001006s ]
SQL: SELECT `news_year` FROM `yy_news` GROUP BY news_year ORDER BY news_year desc  [ RunTime:0.000257s ]
INFO: [ view_parse ] --START--
INFO: [ template_filter ] --START--
INFO: Run Behavior\ContentReplaceBehavior [ RunTime:0.000053s ]
INFO: [ template_filter ] --END-- [ RunTime:-0.012509s ]
NOTIC: [8] Undefined variable: year /home/project2/www/prosperity/www/App/Runtime/Cache/Home/a61a6e7e5971221e98f16410a9ea61c7.php 第 1 行.
NOTIC: [8] Undefined variable: year /home/project2/www/prosperity/www/App/Runtime/Cache/Home/a61a6e7e5971221e98f16410a9ea61c7.php 第 1 行.
NOTIC: [8] Undefined variable: year /home/project2/www/prosperity/www/App/Runtime/Cache/Home/a61a6e7e5971221e98f16410a9ea61c7.php 第 1 行.
INFO: Run Behavior\ParseTemplateBehavior [ RunTime:0.003577s ]
INFO: [ view_parse ] --END-- [ RunTime:-0.002470s ]
INFO: [ view_filter ] --START--
INFO: Run Behavior\WriteHtmlCacheBehavior [ RunTime:0.000017s ]
INFO: [ view_filter ] --END-- [ RunTime:-0.005851s ]
INFO: Run Behavior\ParseTemplateBehavior [ RunTime:0.003939s ]
INFO: [ view_parse ] --END-- [ RunTime:-0.002470s ]
INFO: [ view_filter ] --START--
INFO: Run Behavior\WriteHtmlCacheBehavior [ RunTime:0.000015s ]
INFO: [ view_filter ] --END-- [ RunTime:-0.006207s ]
INFO: [ app_end ] --START--
INFO: Run Behavior\ShowPageTraceBehavior [ RunTime:0.000646s ]
INFO: [ app_end ] --END-- [ RunTime:0.000741s ]

[ 2015-01-23T11:29:53+08:00 ] 223.197.235.13 /prosperity/www/index.php/Home/Index/cateShow/cate_id/26/news_id/js/jquery-2.0.2.js
INFO: [ app_init ] --START--
INFO: Run Behavior\BuildLiteBehavior [ RunTime:0.000031s ]
INFO: [ app_init ] --END-- [ RunTime:0.000503s ]
INFO: [ app_begin ] --START--
INFO: Run Behavior\ReadHtmlCacheBehavior [ RunTime:0.000585s ]
INFO: Run Behavior\CheckLangBehavior [ RunTime:0.000658s ]
INFO: [ app_begin ] --END-- [ RunTime:0.001401s ]
SQL: SHOW COLUMNS FROM `yy_category` [ RunTime:0.001604s ]
SQL: SELECT `model_id` FROM `yy_category` WHERE ( categories_id=26 ) LIMIT 1   [ RunTime:0.000407s ]
SQL: SHOW COLUMNS FROM `yy_model` [ RunTime:0.001200s ]
SQL: SELECT * FROM `yy_model` WHERE ( model_id=1 ) LIMIT 1   [ RunTime:0.000271s ]
SQL: SHOW COLUMNS FROM `yy_category` [ RunTime:0.000899s ]
SQL: SELECT * FROM yy_category c,yy_category_description cd WHERE ( c.categories_id=cd.categories_id and cd.language_id=2 and c.categories_id=26 )  [ RunTime:0.000323s ]
SQL: SHOW COLUMNS FROM `yy_news` [ RunTime:0.000818s ]
SQL: SELECT * FROM yy_news n,yy_news_manylanguage nm WHERE ( n.news_id=nm.news_id and nm.lang_id=2 and nm.news_id=js )  [ RunTime:0.000194s ]
ERR: 1054:Unknown column 'js' in 'where clause'
 [ SQL语句 ] : SELECT * FROM yy_news n,yy_news_manylanguage nm WHERE ( n.news_id=nm.news_id and nm.lang_id=2 and nm.news_id=js ) 
INFO: [ view_parse ] --START--
INFO: [ template_filter ] --START--
INFO: Run Behavior\ContentReplaceBehavior [ RunTime:0.000087s ]
INFO: [ template_filter ] --END-- [ RunTime:0.000231s ]
SQL: SELECT * FROM `yy_model` left join yy_category on yy_model.model_id=yy_category.model_id left join yy_category_description on yy_category_description.categories_id=yy_category.categories_id  WHERE ( yy_category_description.language_id=2 ) ORDER BY sort_order asc,yy_category.sort_order  [ RunTime:0.000709s ]
INFO: [ view_parse ] --START--
INFO: [ template_filter ] --START--
INFO: Run Behavior\ContentReplaceBehavior [ RunTime:0.000075s ]
INFO: [ template_filter ] --END-- [ RunTime:-0.005919s ]
INFO: Run Behavior\ParseTemplateBehavior [ RunTime:0.003953s ]
INFO: [ view_parse ] --END-- [ RunTime:0.004057s ]
INFO: [ view_filter ] --START--
INFO: Run Behavior\WriteHtmlCacheBehavior [ RunTime:0.000192s ]
INFO: [ view_filter ] --END-- [ RunTime:0.000262s ]
SQL: SHOW COLUMNS FROM `yy_news` [ RunTime:0.001187s ]
SQL: SELECT `news_year` FROM `yy_news` GROUP BY news_year ORDER BY news_year desc  [ RunTime:0.000275s ]
INFO: [ view_parse ] --START--
INFO: [ template_filter ] --START--
INFO: Run Behavior\ContentReplaceBehavior [ RunTime:0.000053s ]
INFO: [ template_filter ] --END-- [ RunTime:-0.012721s ]
NOTIC: [8] Undefined variable: year /home/project2/www/prosperity/www/App/Runtime/Cache/Home/a61a6e7e5971221e98f16410a9ea61c7.php 第 1 行.
NOTIC: [8] Undefined variable: year /home/project2/www/prosperity/www/App/Runtime/Cache/Home/a61a6e7e5971221e98f16410a9ea61c7.php 第 1 行.
NOTIC: [8] Undefined variable: year /home/project2/www/prosperity/www/App/Runtime/Cache/Home/a61a6e7e5971221e98f16410a9ea61c7.php 第 1 行.
INFO: Run Behavior\ParseTemplateBehavior [ RunTime:0.003655s ]
INFO: [ view_parse ] --END-- [ RunTime:-0.002633s ]
INFO: [ view_filter ] --START--
INFO: Run Behavior\WriteHtmlCacheBehavior [ RunTime:0.000035s ]
INFO: [ view_filter ] --END-- [ RunTime:-0.006106s ]
INFO: Run Behavior\ParseTemplateBehavior [ RunTime:0.003907s ]
INFO: [ view_parse ] --END-- [ RunTime:-0.002633s ]
INFO: [ view_filter ] --START--
INFO: Run Behavior\WriteHtmlCacheBehavior [ RunTime:0.000013s ]
INFO: [ view_filter ] --END-- [ RunTime:-0.006343s ]
INFO: [ app_end ] --START--
INFO: Run Behavior\ShowPageTraceBehavior [ RunTime:0.000670s ]
INFO: [ app_end ] --END-- [ RunTime:0.000752s ]

